<?xml version="1.0" encoding="UTF-8"?>
<!-- Generated by org.testng.reporters.JUnitReportReporter -->
<testsuite hostname="Avinash" failures="0" tests="1" name="com.example.androidKeyEvents" time="22.769" errors="0" timestamp="11 Oct 2022 18:44:24 GMT">
  <testcase classname="com.example.androidKeyEvents" name="setup" time="22.769"/>
</testsuite> <!-- com.example.androidKeyEvents -->
