<?xml version="1.0" encoding="UTF-8"?>
<!-- Generated by org.testng.reporters.JUnitReportReporter -->
<testsuite hostname="Avinash" failures="0" tests="1" name="com.example.pressElement" time="29.255" errors="0" timestamp="8 Oct 2022 18:25:42 GMT">
  <testcase classname="com.example.pressElement" name="setup" time="29.255"/>
</testsuite> <!-- com.example.pressElement -->
