<?xml version="1.0" encoding="UTF-8"?>
<!-- Generated by org.testng.reporters.JUnitReportReporter -->
<testsuite hostname="Avinash" failures="0" tests="1" name="com.example.swipeScreen" time="66.722" errors="0" timestamp="9 Oct 2022 10:59:51 GMT">
  <testcase classname="com.example.swipeScreen" name="setup" time="66.722"/>
</testsuite> <!-- com.example.swipeScreen -->
