<?xml version="1.0" encoding="UTF-8"?>
<!-- Generated by org.testng.reporters.JUnitReportReporter -->
<testsuite hostname="Avinash" failures="0" tests="1" name="com.example.swipeScroll" time="30.112" errors="0" timestamp="9 Oct 2022 09:33:29 GMT">
  <testcase classname="com.example.swipeScroll" name="setup" time="30.112"/>
</testsuite> <!-- com.example.swipeScroll -->
