<?xml version="1.0" encoding="UTF-8"?>
<!-- Generated by org.testng.reporters.JUnitReportReporter -->
<testsuite hostname="Avinash" failures="0" tests="1" name="com.example.zoomAndPinchUsingTouchAction" time="35.595" errors="0" timestamp="10 Oct 2022 08:18:13 GMT">
  <testcase classname="com.example.zoomAndPinchUsingTouchAction" name="setup" time="35.595"/>
</testsuite> <!-- com.example.zoomAndPinchUsingTouchAction -->
