<?xml version="1.0" encoding="UTF-8"?>
<!-- Generated by org.testng.reporters.JUnitReportReporter -->
<testsuite hostname="Avinash" failures="0" tests="1" name="com.example.findingElement" time="19.369" errors="0" timestamp="4 Oct 2022 15:30:03 GMT">
  <testcase classname="com.example.findingElement" name="setup" time="19.369"/>
</testsuite> <!-- com.example.findingElement -->
