<?xml version="1.0" encoding="UTF-8"?>
<!-- Generated by org.testng.reporters.JUnitReportReporter -->
<testsuite hostname="Avinash" failures="0" tests="1" name="com.example.checkBox" time="52.987" errors="0" timestamp="9 Oct 2022 19:02:29 GMT">
  <testcase classname="com.example.checkBox" name="setup" time="52.987"/>
</testsuite> <!-- com.example.checkBox -->
