<?xml version="1.0" encoding="UTF-8"?>
<!-- Generated by org.testng.reporters.JUnitReportReporter -->
<testsuite hostname="Avinash" failures="0" tests="1" name="com.example.radioButton" time="29.017" errors="0" timestamp="9 Oct 2022 18:30:27 GMT">
  <testcase classname="com.example.radioButton" name="setup" time="29.017"/>
</testsuite> <!-- com.example.radioButton -->
