<?xml version="1.0" encoding="UTF-8"?>
<!-- Generated by org.testng.reporters.JUnitReportReporter -->
<testsuite hostname="Avinash" failures="0" tests="1" name="com.example.dragAndDrop" time="44.806" errors="0" timestamp="9 Oct 2022 15:48:12 GMT">
  <testcase classname="com.example.dragAndDrop" name="setup" time="44.806"/>
</testsuite> <!-- com.example.dragAndDrop -->
