<?xml version="1.0" encoding="UTF-8"?>
<!-- Generated by org.testng.reporters.JUnitReportReporter -->
<testsuite hostname="Avinash" failures="0" tests="1" name="com.example.toggleButton" time="24.091" errors="0" timestamp="9 Oct 2022 17:43:54 GMT">
  <testcase classname="com.example.toggleButton" name="setup" time="24.091"/>
</testsuite> <!-- com.example.toggleButton -->
