<?xml version="1.0" encoding="UTF-8"?>
<!-- Generated by org.testng.reporters.JUnitReportReporter -->
<testsuite hostname="Avinash" failures="0" tests="1" name="com.example.zoomAndPinch" time="43.676" errors="0" timestamp="10 Oct 2022 07:05:10 GMT">
  <testcase classname="com.example.zoomAndPinch" name="setup" time="43.676"/>
</testsuite> <!-- com.example.zoomAndPinch -->
