<?xml version="1.0" encoding="UTF-8"?>
<!-- Generated by org.testng.reporters.JUnitReportReporter -->
<testsuite hostname="Avinash" failures="0" tests="1" name="com.example.orientation" time="37.814" errors="0" timestamp="10 Oct 2022 19:17:23 GMT">
  <testcase classname="com.example.orientation" name="setup" time="37.814"/>
</testsuite> <!-- com.example.orientation -->
