<?xml version="1.0" encoding="UTF-8"?>
<!-- Generated by org.testng.reporters.JUnitReportReporter -->
<testsuite hostname="Avinash" failures="0" tests="1" name="com.example.screenShot" time="16.570" errors="0" timestamp="11 Oct 2022 18:17:57 GMT">
  <testcase classname="com.example.screenShot" name="setup" time="16.570"/>
</testsuite> <!-- com.example.screenShot -->
