<?xml version="1.0" encoding="UTF-8"?>
<!-- Generated by org.testng.reporters.JUnitReportReporter -->
<testsuite hostname="Avinash" failures="0" tests="1" name="com.example.tappingElement" time="30.150" errors="0" timestamp="8 Oct 2022 17:28:28 GMT">
  <testcase classname="com.example.tappingElement" name="setup" time="30.150"/>
</testsuite> <!-- com.example.tappingElement -->
