<?xml version="1.0" encoding="UTF-8"?>
<!-- Generated by org.testng.reporters.JUnitReportReporter -->
<testsuite hostname="Avinash" failures="0" tests="1" name="com.example.pressingElement" time="19.326" errors="0" timestamp="8 Oct 2022 18:34:43 GMT">
  <testcase classname="com.example.pressingElement" name="setup" time="19.326"/>
</testsuite> <!-- com.example.pressingElement -->
